<?xml version="1.0" encoding="UTF-8"?>
<!-- Generated by org.testng.reporters.JUnitXMLReporter -->
<testsuite ignored="0" hostname="DESKTOP-5HU0LC5" failures="0" tests="3" name="Default test" time="74.398" errors="0" timestamp="2024-11-13T18:40:54 IST">
  <testcase classname="medifix_Page_Tests.Login_Page_Test" name="loginTest" time="7.946"/>
  <testcase classname="medifix_Page_Tests.Login_Page_Test" name="wrongPassword" time="2.417"/>
  <testcase classname="medifix_Page_Tests.Login_Page_Test" name="wrongUsername" time="2.228"/>
</testsuite> <!-- Default test -->
