<?xml version="1.0" encoding="UTF-8"?>
<!-- Generated by org.testng.reporters.JUnitXMLReporter -->
<testsuite ignored="1" hostname="DESKTOP-D9CRC1F" failures="0" tests="4" name="Test" time="11.01" errors="0" timestamp="2024-06-08T09:28:18 IST">
  <testcase classname="initializer.BaseClass" name="@BeforeMethod beforeEachTest" time="0.0">
    <failure type="java.lang.NullPointerException" message="Cannot invoke &amp;quot;com.relevantcodes.extentreports.ExtentReports.startTest(String)&amp;quot; because &amp;quot;this.graphicalReport&amp;quot; is null">
      <![CDATA[java.lang.NullPointerException: Cannot invoke "com.relevantcodes.extentreports.ExtentReports.startTest(String)" because "this.graphicalReport" is null
at initializer.BaseClass.beforeEachTest(BaseClass.java:34)
at java.base/java.util.ArrayList.forEach(ArrayList.java:1511)
... Removed 31 stack frames]]>
    </failure>
  </testcase> <!-- @BeforeMethod beforeEachTest -->
  <testcase classname="initializer.BaseClass" name="@AfterMethod afterEachTest" time="-1.717819098782E9">
    <skipped/>
  </testcase> <!-- @AfterMethod afterEachTest -->
  <testcase classname="initializer.BaseClass" name="@BeforeMethod beforeEachTest" time="-1.717819098786E9">
    <skipped/>
  </testcase> <!-- @BeforeMethod beforeEachTest -->
  <testcase classname="initializer.BaseClass" name="@AfterMethod afterEachTest" time="-1.7178190988E9">
    <skipped/>
  </testcase> <!-- @AfterMethod afterEachTest -->
  <testcase classname="initializer.BaseClass" name="@BeforeMethod beforeEachTest" time="-1.717819098804E9">
    <skipped/>
  </testcase> <!-- @BeforeMethod beforeEachTest -->
  <testcase classname="initializer.BaseClass" name="@AfterMethod afterEachTest" time="-1.717819098819E9">
    <skipped/>
  </testcase> <!-- @AfterMethod afterEachTest -->
  <testcase classname="medifix_Page_Tests.Dashboard_Page_Test" name="verifyAllDashboardLinks" time="4.742"/>
  <testcase classname="medifix_Page_Tests.Login_Page_Test" name="loginTest" time="0.0">
    <skipped/>
  </testcase> <!-- loginTest -->
  <testcase classname="medifix_Page_Tests.Login_Page_Test" name="wrongPassword" time="0.0">
    <skipped/>
  </testcase> <!-- wrongPassword -->
  <testcase classname="medifix_Page_Tests.Login_Page_Test" name="wrongUsername" time="0.0">
    <skipped/>
  </testcase> <!-- wrongUsername -->
  <testcase classname="initializer.BaseClass" name="@BeforeSuite beforeSuiteStart" time="0.0">
    <ignored/>
  </testcase> <!-- @BeforeSuite beforeSuiteStart -->
</testsuite> <!-- Test -->
